[INFO] Scanning for projects...
[INFO]                                                                         
[INFO] ------------------------------------------------------------------------
[INFO] Building bcibintegrationtest 0.0.1-SNAPSHOT
[INFO] ------------------------------------------------------------------------
[INFO] 
[INFO] --- maven-clean-plugin:2.5:clean (default-clean) @ com.bergcomputers.bcibintegrationtest ---
[INFO] Deleting c:\projects\bcIMB\projectsrc\com.bergcomputers.bcibintegrationtest\target
[INFO] 
[INFO] --- jacoco-maven-plugin:0.7.1-SNAPSHOT:prepare-agent (pre-unit-test) @ com.bergcomputers.bcibintegrationtest ---
[INFO] argLine set to -javaagent:C:\\Users\\Ionutb\\.m2\\repository\\org\\jacoco\\org.jacoco.agent\\0.7.1-SNAPSHOT\\org.jacoco.agent-0.7.1-SNAPSHOT-runtime.jar=destfile=c:\\projects\\bcIMB\\projectsrc\\com.bergcomputers.bcibintegrationtest\\target\\jacoco.exec,append=true,includes=**/*
[INFO] 
[INFO] --- maven-resources-plugin:2.6:resources (default-resources) @ com.bergcomputers.bcibintegrationtest ---
[INFO] Using 'UTF-8' encoding to copy filtered resources.
[INFO] Copying 0 resource
[INFO] 
[INFO] --- maven-compiler-plugin:3.1:compile (default-compile) @ com.bergcomputers.bcibintegrationtest ---
[INFO] Nothing to compile - all classes are up to date
[INFO] 
[INFO] --- maven-resources-plugin:2.6:testResources (default-testResources) @ com.bergcomputers.bcibintegrationtest ---
[INFO] Using 'UTF-8' encoding to copy filtered resources.
[INFO] Copying 4 resources
[INFO] Copying 3 resources
[INFO] 
[INFO] --- maven-compiler-plugin:3.1:testCompile (default-testCompile) @ com.bergcomputers.bcibintegrationtest ---
[INFO] Changes detected - recompiling the module!
[INFO] Compiling 4 source files to c:\projects\bcIMB\projectsrc\com.bergcomputers.bcibintegrationtest\target\test-classes
[INFO] 
[INFO] --- maven-surefire-plugin:2.16:test (default-test) @ com.bergcomputers.bcibintegrationtest ---
[INFO] 
[INFO] --- jacoco-maven-plugin:0.7.1-SNAPSHOT:report (post-unit-test) @ com.bergcomputers.bcibintegrationtest ---
[INFO] Skipping JaCoCo execution due to missing execution data file:c:\projects\bcIMB\projectsrc\com.bergcomputers.bcibintegrationtest\target\jacoco.exec
[INFO] 
[INFO] --- maven-jar-plugin:2.4:jar (default-jar) @ com.bergcomputers.bcibintegrationtest ---
[INFO] Building jar: c:\projects\bcIMB\projectsrc\com.bergcomputers.bcibintegrationtest\target\com.bergcomputers.bcibintegrationtest-0.0.1-SNAPSHOT.jar
[INFO] 
[INFO] --- jacoco-maven-plugin:0.7.1-SNAPSHOT:prepare-agent (pre-integration-test) @ com.bergcomputers.bcibintegrationtest ---
[INFO] failsafe.argLine set to -javaagent:C:\\Users\\Ionutb\\.m2\\repository\\org\\jacoco\\org.jacoco.agent\\0.7.1-SNAPSHOT\\org.jacoco.agent-0.7.1-SNAPSHOT-runtime.jar=destfile=c:\\projects\\bcIMB\\projectsrc\\com.bergcomputers.bcibintegrationtest\\..\\target\\jacoco-integration.exec,append=true,includes=**/*
[INFO] 
[INFO] --- maven-failsafe-plugin:2.16:integration-test (integration-test) @ com.bergcomputers.bcibintegrationtest ---
[INFO] Failsafe report directory: c:\projects\bcIMB\projectsrc\com.bergcomputers.bcibintegrationtest\target\failsafe-reports

-------------------------------------------------------
 T E S T S
-------------------------------------------------------
Running com.bergcomputers.bcibintegrationtest.ejb.AccountEjbTest
PlainTextActionReporterSUCCESSDescription: deploy AdminCommandApplication deployed with name test.
    [name=test
PlainTextActionReporterSUCCESSNo monitoring data to report.
Tests run: 1, Failures: 0, Errors: 1, Skipped: 0, Time elapsed: 16.843 sec <<< FAILURE! - in com.bergcomputers.bcibintegrationtest.ejb.AccountEjbTest
shouldFindAllGamesUsingJpqlQuery(com.bergcomputers.bcibintegrationtest.ejb.AccountEjbTest)  Time elapsed: 0.299 sec  <<< ERROR!
org.jboss.arquillian.persistence.core.exception.PersistenceExtensionInitializationException: Unable to create persistence configuration.
	at org.jboss.arquillian.persistence.core.configuration.ConfigurationImporter.createConfiguration(ConfigurationImporter.java:143)
	at org.jboss.arquillian.persistence.core.configuration.ConfigurationImporter.loadFrom(ConfigurationImporter.java:87)
	at org.jboss.arquillian.persistence.core.configuration.ConfigurationImporter.loadFromPropertyFile(ConfigurationImporter.java:81)
	at org.jboss.arquillian.persistence.core.container.PersistenceConfigurationRemoteProducer.configure(PersistenceConfigurationRemoteProducer.java:44)
	at sun.reflect.NativeMethodAccessorImpl.invoke0(Native Method)
	at sun.reflect.NativeMethodAccessorImpl.invoke(NativeMethodAccessorImpl.java:57)
	at sun.reflect.DelegatingMethodAccessorImpl.invoke(DelegatingMethodAccessorImpl.java:43)
	at java.lang.reflect.Method.invoke(Method.java:606)
	at org.jboss.arquillian.core.impl.ObserverImpl.invoke(ObserverImpl.java:94)
	at org.jboss.arquillian.core.impl.EventContextImpl.invokeObservers(EventContextImpl.java:99)
	at org.jboss.arquillian.core.impl.EventContextImpl.proceed(EventContextImpl.java:81)
	at org.jboss.arquillian.core.impl.ManagerImpl.fire(ManagerImpl.java:135)
	at org.jboss.arquillian.core.impl.ManagerImpl.fire(ManagerImpl.java:115)
	at org.jboss.arquillian.core.impl.EventImpl.fire(EventImpl.java:67)
	at org.jboss.arquillian.persistence.core.lifecycle.PersistenceTestTrigger.beforeClass(PersistenceTestTrigger.java:91)
	at sun.reflect.NativeMethodAccessorImpl.invoke0(Native Method)
	at sun.reflect.NativeMethodAccessorImpl.invoke(NativeMethodAccessorImpl.java:57)
	at sun.reflect.DelegatingMethodAccessorImpl.invoke(DelegatingMethodAccessorImpl.java:43)
	at java.lang.reflect.Method.invoke(Method.java:606)
	at org.jboss.arquillian.core.impl.ObserverImpl.invoke(ObserverImpl.java:94)
	at org.jboss.arquillian.core.impl.EventContextImpl.invokeObservers(EventContextImpl.java:99)
	at org.jboss.arquillian.core.impl.EventContextImpl.proceed(EventContextImpl.java:81)
	at org.jboss.arquillian.test.impl.TestContextHandler.createSuiteContext(TestContextHandler.java:60)
	at sun.reflect.NativeMethodAccessorImpl.invoke0(Native Method)
	at sun.reflect.NativeMethodAccessorImpl.invoke(NativeMethodAccessorImpl.java:57)
	at sun.reflect.DelegatingMethodAccessorImpl.invoke(DelegatingMethodAccessorImpl.java:43)
	at java.lang.reflect.Method.invoke(Method.java:606)
	at org.jboss.arquillian.core.impl.ObserverImpl.invoke(ObserverImpl.java:94)
	at org.jboss.arquillian.core.impl.EventContextImpl.proceed(EventContextImpl.java:88)
	at org.jboss.arquillian.test.impl.TestContextHandler.createClassContext(TestContextHandler.java:75)
	at sun.reflect.NativeMethodAccessorImpl.invoke0(Native Method)
	at sun.reflect.NativeMethodAccessorImpl.invoke(NativeMethodAccessorImpl.java:57)
	at sun.reflect.DelegatingMethodAccessorImpl.invoke(DelegatingMethodAccessorImpl.java:43)
	at java.lang.reflect.Method.invoke(Method.java:606)
	at org.jboss.arquillian.core.impl.ObserverImpl.invoke(ObserverImpl.java:94)
	at org.jboss.arquillian.core.impl.EventContextImpl.proceed(EventContextImpl.java:88)
	at org.jboss.arquillian.core.impl.ManagerImpl.fire(ManagerImpl.java:135)
	at org.jboss.arquillian.core.impl.ManagerImpl.fire(ManagerImpl.java:115)
	at org.jboss.arquillian.test.impl.EventTestRunnerAdaptor.beforeClass(EventTestRunnerAdaptor.java:80)
	at org.jboss.arquillian.junit.Arquillian$2.evaluate(Arquillian.java:182)
	at org.jboss.arquillian.junit.Arquillian.multiExecute(Arquillian.java:314)
	at org.jboss.arquillian.junit.Arquillian.access$100(Arquillian.java:46)
	at org.jboss.arquillian.junit.Arquillian$3.evaluate(Arquillian.java:199)
	at org.junit.runners.ParentRunner.run(ParentRunner.java:236)
	at org.jboss.arquillian.junit.Arquillian.run(Arquillian.java:147)
	at org.junit.runner.JUnitCore.run(JUnitCore.java:157)
	at org.junit.runner.JUnitCore.run(JUnitCore.java:136)
	at org.jboss.arquillian.junit.container.JUnitTestRunner.execute(JUnitTestRunner.java:65)
	at org.jboss.arquillian.protocol.servlet.runner.ServletTestRunner.executeTest(ServletTestRunner.java:160)
	at org.jboss.arquillian.protocol.servlet.runner.ServletTestRunner.execute(ServletTestRunner.java:126)
	at org.jboss.arquillian.protocol.servlet.runner.ServletTestRunner.doGet(ServletTestRunner.java:90)
	at javax.servlet.http.HttpServlet.service(HttpServlet.java:734)
	at javax.servlet.http.HttpServlet.service(HttpServlet.java:847)
	at org.apache.catalina.core.StandardWrapper.service(StandardWrapper.java:1539)
	at org.apache.catalina.core.StandardWrapperValve.invoke(StandardWrapperValve.java:281)
	at org.apache.catalina.core.StandardContextValve.invoke(StandardContextValve.java:175)
	at org.apache.catalina.core.StandardPipeline.doInvoke(StandardPipeline.java:655)
	at org.apache.catalina.core.StandardPipeline.invoke(StandardPipeline.java:595)
	at com.sun.enterprise.web.WebPipeline.invoke(WebPipeline.java:98)
	at com.sun.enterprise.web.PESessionLockingStandardPipeline.invoke(PESessionLockingStandardPipeline.java:91)
	at org.apache.catalina.core.StandardHostValve.invoke(StandardHostValve.java:162)
	at org.apache.catalina.connector.CoyoteAdapter.doService(CoyoteAdapter.java:330)
	at org.apache.catalina.connector.CoyoteAdapter.service(CoyoteAdapter.java:231)
	at com.sun.enterprise.v3.services.impl.ContainerMapper.service(ContainerMapper.java:174)
	at com.sun.grizzly.http.ProcessorTask.invokeAdapter(ProcessorTask.java:828)
	at com.sun.grizzly.http.ProcessorTask.doProcess(ProcessorTask.java:725)
	at com.sun.grizzly.http.ProcessorTask.process(ProcessorTask.java:1019)
	at com.sun.grizzly.http.DefaultProtocolFilter.execute(DefaultProtocolFilter.java:225)
	at com.sun.grizzly.DefaultProtocolChain.executeProtocolFilter(DefaultProtocolChain.java:137)
	at com.sun.grizzly.DefaultProtocolChain.execute(DefaultProtocolChain.java:104)
	at com.sun.grizzly.DefaultProtocolChain.execute(DefaultProtocolChain.java:90)
	at com.sun.grizzly.http.HttpProtocolChain.execute(HttpProtocolChain.java:79)
	at com.sun.grizzly.ProtocolChainContextTask.doCall(ProtocolChainContextTask.java:54)
	at com.sun.grizzly.SelectionKeyContextTask.call(SelectionKeyContextTask.java:59)
	at com.sun.grizzly.ContextTask.run(ContextTask.java:71)
	at com.sun.grizzly.util.AbstractThreadPool$Worker.doWork(AbstractThreadPool.java:532)
	at com.sun.grizzly.util.AbstractThreadPool$Worker.run(AbstractThreadPool.java:513)
	at java.lang.Thread.run(Thread.java:744)
Caused by: java.lang.IllegalArgumentException: Unable to convert value [[Z@3524f5b7] to a class [[Z].
	at org.jboss.arquillian.persistence.core.configuration.ConfigurationTypeConverter.convert(ConfigurationTypeConverter.java:195)
	at org.jboss.arquillian.persistence.core.configuration.ConfigurationImporter.createConfiguration(ConfigurationImporter.java:134)
	at org.jboss.arquillian.persistence.core.configuration.ConfigurationImporter.loadFrom(ConfigurationImporter.java:87)
	at org.jboss.arquillian.persistence.core.configuration.ConfigurationImporter.loadFromPropertyFile(ConfigurationImporter.java:81)
	at org.jboss.arquillian.persistence.core.container.PersistenceConfigurationRemoteProducer.configure(PersistenceConfigurationRemoteProducer.java:44)
	at sun.reflect.NativeMethodAccessorImpl.invoke0(Native Method)
	at sun.reflect.NativeMethodAccessorImpl.invoke(NativeMethodAccessorImpl.java:57)
	at sun.reflect.DelegatingMethodAccessorImpl.invoke(DelegatingMethodAccessorImpl.java:43)
	at java.lang.reflect.Method.invoke(Method.java:606)
	at org.jboss.arquillian.core.impl.ObserverImpl.invoke(ObserverImpl.java:94)
	at org.jboss.arquillian.core.impl.EventContextImpl.invokeObservers(EventContextImpl.java:99)
	at org.jboss.arquillian.core.impl.EventContextImpl.proceed(EventContextImpl.java:81)
	at org.jboss.arquillian.core.impl.ManagerImpl.fire(ManagerImpl.java:135)
	at org.jboss.arquillian.core.impl.ManagerImpl.fire(ManagerImpl.java:115)
	at org.jboss.arquillian.core.impl.EventImpl.fire(EventImpl.java:67)
	at org.jboss.arquillian.persistence.core.lifecycle.PersistenceTestTrigger.beforeClass(PersistenceTestTrigger.java:91)
	at sun.reflect.NativeMethodAccessorImpl.invoke0(Native Method)
	at sun.reflect.NativeMethodAccessorImpl.invoke(NativeMethodAccessorImpl.java:57)
	at sun.reflect.DelegatingMethodAccessorImpl.invoke(DelegatingMethodAccessorImpl.java:43)
	at java.lang.reflect.Method.invoke(Method.java:606)
	at org.jboss.arquillian.core.impl.ObserverImpl.invoke(ObserverImpl.java:94)
	at org.jboss.arquillian.core.impl.EventContextImpl.invokeObservers(EventContextImpl.java:99)
	at org.jboss.arquillian.core.impl.EventContextImpl.proceed(EventContextImpl.java:81)
	at org.jboss.arquillian.test.impl.TestContextHandler.createSuiteContext(TestContextHandler.java:60)
	at sun.reflect.NativeMethodAccessorImpl.invoke0(Native Method)
	at sun.reflect.NativeMethodAccessorImpl.invoke(NativeMethodAccessorImpl.java:57)
	at sun.reflect.DelegatingMethodAccessorImpl.invoke(DelegatingMethodAccessorImpl.java:43)
	at java.lang.reflect.Method.invoke(Method.java:606)
	at org.jboss.arquillian.core.impl.ObserverImpl.invoke(ObserverImpl.java:94)
	at org.jboss.arquillian.core.impl.EventContextImpl.proceed(EventContextImpl.java:88)
	at org.jboss.arquillian.test.impl.TestContextHandler.createClassContext(TestContextHandler.java:75)
	at sun.reflect.NativeMethodAccessorImpl.invoke0(Native Method)
	at sun.reflect.NativeMethodAccessorImpl.invoke(NativeMethodAccessorImpl.java:57)
	at sun.reflect.DelegatingMethodAccessorImpl.invoke(DelegatingMethodAccessorImpl.java:43)
	at java.lang.reflect.Method.invoke(Method.java:606)
	at org.jboss.arquillian.core.impl.ObserverImpl.invoke(ObserverImpl.java:94)
	at org.jboss.arquillian.core.impl.EventContextImpl.proceed(EventContextImpl.java:88)
	at org.jboss.arquillian.core.impl.ManagerImpl.fire(ManagerImpl.java:135)
	at org.jboss.arquillian.core.impl.ManagerImpl.fire(ManagerImpl.java:115)
	at org.jboss.arquillian.test.impl.EventTestRunnerAdaptor.beforeClass(EventTestRunnerAdaptor.java:80)
	at org.jboss.arquillian.junit.Arquillian$2.evaluate(Arquillian.java:182)
	at org.jboss.arquillian.junit.Arquillian.multiExecute(Arquillian.java:314)
	at org.jboss.arquillian.junit.Arquillian.access$100(Arquillian.java:46)
	at org.jboss.arquillian.junit.Arquillian$3.evaluate(Arquillian.java:199)
	at org.junit.runners.ParentRunner.run(ParentRunner.java:236)
	at org.jboss.arquillian.junit.Arquillian.run(Arquillian.java:147)
	at org.junit.runner.JUnitCore.run(JUnitCore.java:157)
	at org.junit.runner.JUnitCore.run(JUnitCore.java:136)
	at org.jboss.arquillian.junit.container.JUnitTestRunner.execute(JUnitTestRunner.java:65)
	at org.jboss.arquillian.protocol.servlet.runner.ServletTestRunner.executeTest(ServletTestRunner.java:160)
	at org.jboss.arquillian.protocol.servlet.runner.ServletTestRunner.execute(ServletTestRunner.java:126)
	at org.jboss.arquillian.protocol.servlet.runner.ServletTestRunner.doGet(ServletTestRunner.java:90)
	at javax.servlet.http.HttpServlet.service(HttpServlet.java:734)
	at javax.servlet.http.HttpServlet.service(HttpServlet.java:847)
	at org.apache.catalina.core.StandardWrapper.service(StandardWrapper.java:1539)
	at org.apache.catalina.core.StandardWrapperValve.invoke(StandardWrapperValve.java:281)
	at org.apache.catalina.core.StandardContextValve.invoke(StandardContextValve.java:175)
	at org.apache.catalina.core.StandardPipeline.doInvoke(StandardPipeline.java:655)
	at org.apache.catalina.core.StandardPipeline.invoke(StandardPipeline.java:595)
	at com.sun.enterprise.web.WebPipeline.invoke(WebPipeline.java:98)
	at com.sun.enterprise.web.PESessionLockingStandardPipeline.invoke(PESessionLockingStandardPipeline.java:91)
	at org.apache.catalina.core.StandardHostValve.invoke(StandardHostValve.java:162)
	at org.apache.catalina.connector.CoyoteAdapter.doService(CoyoteAdapter.java:330)
	at org.apache.catalina.connector.CoyoteAdapter.service(CoyoteAdapter.java:231)
	at com.sun.enterprise.v3.services.impl.ContainerMapper.service(ContainerMapper.java:174)
	at com.sun.grizzly.http.ProcessorTask.invokeAdapter(ProcessorTask.java:828)
	at com.sun.grizzly.http.ProcessorTask.doProcess(ProcessorTask.java:725)
	at com.sun.grizzly.http.ProcessorTask.process(ProcessorTask.java:1019)
	at com.sun.grizzly.http.DefaultProtocolFilter.execute(DefaultProtocolFilter.java:225)
	at com.sun.grizzly.DefaultProtocolChain.executeProtocolFilter(DefaultProtocolChain.java:137)
	at com.sun.grizzly.DefaultProtocolChain.execute(DefaultProtocolChain.java:104)
	at com.sun.grizzly.DefaultProtocolChain.execute(DefaultProtocolChain.java:90)
	at com.sun.grizzly.http.HttpProtocolChain.execute(HttpProtocolChain.java:79)
	at com.sun.grizzly.ProtocolChainContextTask.doCall(ProtocolChainContextTask.java:54)
	at com.sun.grizzly.SelectionKeyContextTask.call(SelectionKeyContextTask.java:59)
	at com.sun.grizzly.ContextTask.run(ContextTask.java:71)
	at com.sun.grizzly.util.AbstractThreadPool$Worker.doWork(AbstractThreadPool.java:532)
	at com.sun.grizzly.util.AbstractThreadPool$Worker.run(AbstractThreadPool.java:513)
	at java.lang.Thread.run(Thread.java:744)
Caused by: java.lang.ClassNotFoundException: [Z@3524f5b7
	at java.lang.Class.forName0(Native Method)
	at java.lang.Class.forName(Class.java:190)
	at org.jboss.arquillian.persistence.core.configuration.ConfigurationTypeConverter.convert(ConfigurationTypeConverter.java:190)
	at org.jboss.arquillian.persistence.core.configuration.ConfigurationImporter.createConfiguration(ConfigurationImporter.java:134)
	at org.jboss.arquillian.persistence.core.configuration.ConfigurationImporter.loadFrom(ConfigurationImporter.java:87)
	at org.jboss.arquillian.persistence.core.configuration.ConfigurationImporter.loadFromPropertyFile(ConfigurationImporter.java:81)
	at org.jboss.arquillian.persistence.core.container.PersistenceConfigurationRemoteProducer.configure(PersistenceConfigurationRemoteProducer.java:44)
	at sun.reflect.NativeMethodAccessorImpl.invoke0(Native Method)
	at sun.reflect.NativeMethodAccessorImpl.invoke(NativeMethodAccessorImpl.java:57)
	at sun.reflect.DelegatingMethodAccessorImpl.invoke(DelegatingMethodAccessorImpl.java:43)
	at java.lang.reflect.Method.invoke(Method.java:606)
	at org.jboss.arquillian.core.impl.ObserverImpl.invoke(ObserverImpl.java:94)
	at org.jboss.arquillian.core.impl.EventContextImpl.invokeObservers(EventContextImpl.java:99)
	at org.jboss.arquillian.core.impl.EventContextImpl.proceed(EventContextImpl.java:81)
	at org.jboss.arquillian.core.impl.ManagerImpl.fire(ManagerImpl.java:135)
	at org.jboss.arquillian.core.impl.ManagerImpl.fire(ManagerImpl.java:115)
	at org.jboss.arquillian.core.impl.EventImpl.fire(EventImpl.java:67)
	at org.jboss.arquillian.persistence.core.lifecycle.PersistenceTestTrigger.beforeClass(PersistenceTestTrigger.java:91)
	at sun.reflect.NativeMethodAccessorImpl.invoke0(Native Method)
	at sun.reflect.NativeMethodAccessorImpl.invoke(NativeMethodAccessorImpl.java:57)
	at sun.reflect.DelegatingMethodAccessorImpl.invoke(DelegatingMethodAccessorImpl.java:43)
	at java.lang.reflect.Method.invoke(Method.java:606)
	at org.jboss.arquillian.core.impl.ObserverImpl.invoke(ObserverImpl.java:94)
	at org.jboss.arquillian.core.impl.EventContextImpl.invokeObservers(EventContextImpl.java:99)
	at org.jboss.arquillian.core.impl.EventContextImpl.proceed(EventContextImpl.java:81)
	at org.jboss.arquillian.test.impl.TestContextHandler.createSuiteContext(TestContextHandler.java:60)
	at sun.reflect.NativeMethodAccessorImpl.invoke0(Native Method)
	at sun.reflect.NativeMethodAccessorImpl.invoke(NativeMethodAccessorImpl.java:57)
	at sun.reflect.DelegatingMethodAccessorImpl.invoke(DelegatingMethodAccessorImpl.java:43)
	at java.lang.reflect.Method.invoke(Method.java:606)
	at org.jboss.arquillian.core.impl.ObserverImpl.invoke(ObserverImpl.java:94)
	at org.jboss.arquillian.core.impl.EventContextImpl.proceed(EventContextImpl.java:88)
	at org.jboss.arquillian.test.impl.TestContextHandler.createClassContext(TestContextHandler.java:75)
	at sun.reflect.NativeMethodAccessorImpl.invoke0(Native Method)
	at sun.reflect.NativeMethodAccessorImpl.invoke(NativeMethodAccessorImpl.java:57)
	at sun.reflect.DelegatingMethodAccessorImpl.invoke(DelegatingMethodAccessorImpl.java:43)
	at java.lang.reflect.Method.invoke(Method.java:606)
	at org.jboss.arquillian.core.impl.ObserverImpl.invoke(ObserverImpl.java:94)
	at org.jboss.arquillian.core.impl.EventContextImpl.proceed(EventContextImpl.java:88)
	at org.jboss.arquillian.core.impl.ManagerImpl.fire(ManagerImpl.java:135)
	at org.jboss.arquillian.core.impl.ManagerImpl.fire(ManagerImpl.java:115)
	at org.jboss.arquillian.test.impl.EventTestRunnerAdaptor.beforeClass(EventTestRunnerAdaptor.java:80)
	at org.jboss.arquillian.junit.Arquillian$2.evaluate(Arquillian.java:182)
	at org.jboss.arquillian.junit.Arquillian.multiExecute(Arquillian.java:314)
	at org.jboss.arquillian.junit.Arquillian.access$100(Arquillian.java:46)
	at org.jboss.arquillian.junit.Arquillian$3.evaluate(Arquillian.java:199)
	at org.junit.runners.ParentRunner.run(ParentRunner.java:236)
	at org.jboss.arquillian.junit.Arquillian.run(Arquillian.java:147)
	at org.junit.runner.JUnitCore.run(JUnitCore.java:157)
	at org.junit.runner.JUnitCore.run(JUnitCore.java:136)
	at org.jboss.arquillian.junit.container.JUnitTestRunner.execute(JUnitTestRunner.java:65)
	at org.jboss.arquillian.protocol.servlet.runner.ServletTestRunner.executeTest(ServletTestRunner.java:160)
	at org.jboss.arquillian.protocol.servlet.runner.ServletTestRunner.execute(ServletTestRunner.java:126)
	at org.jboss.arquillian.protocol.servlet.runner.ServletTestRunner.doGet(ServletTestRunner.java:90)
	at javax.servlet.http.HttpServlet.service(HttpServlet.java:734)
	at javax.servlet.http.HttpServlet.service(HttpServlet.java:847)
	at org.apache.catalina.core.StandardWrapper.service(StandardWrapper.java:1539)
	at org.apache.catalina.core.StandardWrapperValve.invoke(StandardWrapperValve.java:281)
	at org.apache.catalina.core.StandardContextValve.invoke(StandardContextValve.java:175)
	at org.apache.catalina.core.StandardPipeline.doInvoke(StandardPipeline.java:655)
	at org.apache.catalina.core.StandardPipeline.invoke(StandardPipeline.java:595)
	at com.sun.enterprise.web.WebPipeline.invoke(WebPipeline.java:98)
	at com.sun.enterprise.web.PESessionLockingStandardPipeline.invoke(PESessionLockingStandardPipeline.java:91)
	at org.apache.catalina.core.StandardHostValve.invoke(StandardHostValve.java:162)
	at org.apache.catalina.connector.CoyoteAdapter.doService(CoyoteAdapter.java:330)
	at org.apache.catalina.connector.CoyoteAdapter.service(CoyoteAdapter.java:231)
	at com.sun.enterprise.v3.services.impl.ContainerMapper.service(ContainerMapper.java:174)
	at com.sun.grizzly.http.ProcessorTask.invokeAdapter(ProcessorTask.java:828)
	at com.sun.grizzly.http.ProcessorTask.doProcess(ProcessorTask.java:725)
	at com.sun.grizzly.http.ProcessorTask.process(ProcessorTask.java:1019)
	at com.sun.grizzly.http.DefaultProtocolFilter.execute(DefaultProtocolFilter.java:225)
	at com.sun.grizzly.DefaultProtocolChain.executeProtocolFilter(DefaultProtocolChain.java:137)
	at com.sun.grizzly.DefaultProtocolChain.execute(DefaultProtocolChain.java:104)
	at com.sun.grizzly.DefaultProtocolChain.execute(DefaultProtocolChain.java:90)
	at com.sun.grizzly.http.HttpProtocolChain.execute(HttpProtocolChain.java:79)
	at com.sun.grizzly.ProtocolChainContextTask.doCall(ProtocolChainContextTask.java:54)
	at com.sun.grizzly.SelectionKeyContextTask.call(SelectionKeyContextTask.java:59)
	at com.sun.grizzly.ContextTask.run(ContextTask.java:71)
	at com.sun.grizzly.util.AbstractThreadPool$Worker.doWork(AbstractThreadPool.java:532)
	at com.sun.grizzly.util.AbstractThreadPool$Worker.run(AbstractThreadPool.java:513)
	at java.lang.Thread.run(Thread.java:744)

Running com.bergcomputers.bcibintegrationtest.persistence.AccountTest
PlainTextActionReporterSUCCESSDescription: deploy AdminCommandnull
    [name=test


PER01003: Deployment encountered SQL Exceptions:
	PER01000: Got SQLException executing statement "CREATE TABLE SEQUENCE (SEQ_NAME VARCHAR(50) NOT NULL, SEQ_COUNT DECIMAL(15), PRIMARY KEY (SEQ_NAME))": java.sql.SQLException: Table/View 'SEQUENCE' already exists in Schema 'APP'.PlainTextActionReporterSUCCESSNo monitoring data to report.
Tests run: 1, Failures: 0, Errors: 1, Skipped: 0, Time elapsed: 4.448 sec <<< FAILURE! - in com.bergcomputers.bcibintegrationtest.persistence.AccountTest
shouldFindAllGamesUsingJpqlQuery(com.bergcomputers.bcibintegrationtest.persistence.AccountTest)  Time elapsed: 0.052 sec  <<< ERROR!
org.jboss.arquillian.persistence.core.exception.PersistenceExtensionInitializationException: Unable to create persistence configuration.
	at org.jboss.arquillian.persistence.core.configuration.ConfigurationImporter.createConfiguration(ConfigurationImporter.java:143)
	at org.jboss.arquillian.persistence.core.configuration.ConfigurationImporter.loadFrom(ConfigurationImporter.java:87)
	at org.jboss.arquillian.persistence.core.configuration.ConfigurationImporter.loadFromPropertyFile(ConfigurationImporter.java:81)
	at org.jboss.arquillian.persistence.core.container.PersistenceConfigurationRemoteProducer.configure(PersistenceConfigurationRemoteProducer.java:44)
	at sun.reflect.NativeMethodAccessorImpl.invoke0(Native Method)
	at sun.reflect.NativeMethodAccessorImpl.invoke(NativeMethodAccessorImpl.java:57)
	at sun.reflect.DelegatingMethodAccessorImpl.invoke(DelegatingMethodAccessorImpl.java:43)
	at java.lang.reflect.Method.invoke(Method.java:606)
	at org.jboss.arquillian.core.impl.ObserverImpl.invoke(ObserverImpl.java:94)
	at org.jboss.arquillian.core.impl.EventContextImpl.invokeObservers(EventContextImpl.java:99)
	at org.jboss.arquillian.core.impl.EventContextImpl.proceed(EventContextImpl.java:81)
	at org.jboss.arquillian.core.impl.ManagerImpl.fire(ManagerImpl.java:135)
	at org.jboss.arquillian.core.impl.ManagerImpl.fire(ManagerImpl.java:115)
	at org.jboss.arquillian.core.impl.EventImpl.fire(EventImpl.java:67)
	at org.jboss.arquillian.persistence.core.lifecycle.PersistenceTestTrigger.beforeClass(PersistenceTestTrigger.java:91)
	at sun.reflect.NativeMethodAccessorImpl.invoke0(Native Method)
	at sun.reflect.NativeMethodAccessorImpl.invoke(NativeMethodAccessorImpl.java:57)
	at sun.reflect.DelegatingMethodAccessorImpl.invoke(DelegatingMethodAccessorImpl.java:43)
	at java.lang.reflect.Method.invoke(Method.java:606)
	at org.jboss.arquillian.core.impl.ObserverImpl.invoke(ObserverImpl.java:94)
	at org.jboss.arquillian.core.impl.EventContextImpl.invokeObservers(EventContextImpl.java:99)
	at org.jboss.arquillian.core.impl.EventContextImpl.proceed(EventContextImpl.java:81)
	at org.jboss.arquillian.test.impl.TestContextHandler.createSuiteContext(TestContextHandler.java:60)
	at sun.reflect.NativeMethodAccessorImpl.invoke0(Native Method)
	at sun.reflect.NativeMethodAccessorImpl.invoke(NativeMethodAccessorImpl.java:57)
	at sun.reflect.DelegatingMethodAccessorImpl.invoke(DelegatingMethodAccessorImpl.java:43)
	at java.lang.reflect.Method.invoke(Method.java:606)
	at org.jboss.arquillian.core.impl.ObserverImpl.invoke(ObserverImpl.java:94)
	at org.jboss.arquillian.core.impl.EventContextImpl.proceed(EventContextImpl.java:88)
	at org.jboss.arquillian.test.impl.TestContextHandler.createClassContext(TestContextHandler.java:75)
	at sun.reflect.NativeMethodAccessorImpl.invoke0(Native Method)
	at sun.reflect.NativeMethodAccessorImpl.invoke(NativeMethodAccessorImpl.java:57)
	at sun.reflect.DelegatingMethodAccessorImpl.invoke(DelegatingMethodAccessorImpl.java:43)
	at java.lang.reflect.Method.invoke(Method.java:606)
	at org.jboss.arquillian.core.impl.ObserverImpl.invoke(ObserverImpl.java:94)
	at org.jboss.arquillian.core.impl.EventContextImpl.proceed(EventContextImpl.java:88)
	at org.jboss.arquillian.core.impl.ManagerImpl.fire(ManagerImpl.java:135)
	at org.jboss.arquillian.core.impl.ManagerImpl.fire(ManagerImpl.java:115)
	at org.jboss.arquillian.test.impl.EventTestRunnerAdaptor.beforeClass(EventTestRunnerAdaptor.java:80)
	at org.jboss.arquillian.junit.Arquillian$2.evaluate(Arquillian.java:182)
	at org.jboss.arquillian.junit.Arquillian.multiExecute(Arquillian.java:314)
	at org.jboss.arquillian.junit.Arquillian.access$100(Arquillian.java:46)
	at org.jboss.arquillian.junit.Arquillian$3.evaluate(Arquillian.java:199)
	at org.junit.runners.ParentRunner.run(ParentRunner.java:236)
	at org.jboss.arquillian.junit.Arquillian.run(Arquillian.java:147)
	at org.junit.runner.JUnitCore.run(JUnitCore.java:157)
	at org.junit.runner.JUnitCore.run(JUnitCore.java:136)
	at org.jboss.arquillian.junit.container.JUnitTestRunner.execute(JUnitTestRunner.java:65)
	at org.jboss.arquillian.protocol.servlet.runner.ServletTestRunner.executeTest(ServletTestRunner.java:160)
	at org.jboss.arquillian.protocol.servlet.runner.ServletTestRunner.execute(ServletTestRunner.java:126)
	at org.jboss.arquillian.protocol.servlet.runner.ServletTestRunner.doGet(ServletTestRunner.java:90)
	at javax.servlet.http.HttpServlet.service(HttpServlet.java:734)
	at javax.servlet.http.HttpServlet.service(HttpServlet.java:847)
	at org.apache.catalina.core.StandardWrapper.service(StandardWrapper.java:1539)
	at org.apache.catalina.core.StandardWrapperValve.invoke(StandardWrapperValve.java:281)
	at org.apache.catalina.core.StandardContextValve.invoke(StandardContextValve.java:175)
	at org.apache.catalina.core.StandardPipeline.doInvoke(StandardPipeline.java:655)
	at org.apache.catalina.core.StandardPipeline.invoke(StandardPipeline.java:595)
	at com.sun.enterprise.web.WebPipeline.invoke(WebPipeline.java:98)
	at com.sun.enterprise.web.PESessionLockingStandardPipeline.invoke(PESessionLockingStandardPipeline.java:91)
	at org.apache.catalina.core.StandardHostValve.invoke(StandardHostValve.java:162)
	at org.apache.catalina.connector.CoyoteAdapter.doService(CoyoteAdapter.java:330)
	at org.apache.catalina.connector.CoyoteAdapter.service(CoyoteAdapter.java:231)
	at com.sun.enterprise.v3.services.impl.ContainerMapper.service(ContainerMapper.java:174)
	at com.sun.grizzly.http.ProcessorTask.invokeAdapter(ProcessorTask.java:828)
	at com.sun.grizzly.http.ProcessorTask.doProcess(ProcessorTask.java:725)
	at com.sun.grizzly.http.ProcessorTask.process(ProcessorTask.java:1019)
	at com.sun.grizzly.http.DefaultProtocolFilter.execute(DefaultProtocolFilter.java:225)
	at com.sun.grizzly.DefaultProtocolChain.executeProtocolFilter(DefaultProtocolChain.java:137)
	at com.sun.grizzly.DefaultProtocolChain.execute(DefaultProtocolChain.java:104)
	at com.sun.grizzly.DefaultProtocolChain.execute(DefaultProtocolChain.java:90)
	at com.sun.grizzly.http.HttpProtocolChain.execute(HttpProtocolChain.java:79)
	at com.sun.grizzly.ProtocolChainContextTask.doCall(ProtocolChainContextTask.java:54)
	at com.sun.grizzly.SelectionKeyContextTask.call(SelectionKeyContextTask.java:59)
	at com.sun.grizzly.ContextTask.run(ContextTask.java:71)
	at com.sun.grizzly.util.AbstractThreadPool$Worker.doWork(AbstractThreadPool.java:532)
	at com.sun.grizzly.util.AbstractThreadPool$Worker.run(AbstractThreadPool.java:513)
	at java.lang.Thread.run(Thread.java:744)
Caused by: java.lang.IllegalArgumentException: Unable to convert value [[Z@3524f5b7] to a class [[Z].
	at org.jboss.arquillian.persistence.core.configuration.ConfigurationTypeConverter.convert(ConfigurationTypeConverter.java:195)
	at org.jboss.arquillian.persistence.core.configuration.ConfigurationImporter.createConfiguration(ConfigurationImporter.java:134)
	at org.jboss.arquillian.persistence.core.configuration.ConfigurationImporter.loadFrom(ConfigurationImporter.java:87)
	at org.jboss.arquillian.persistence.core.configuration.ConfigurationImporter.loadFromPropertyFile(ConfigurationImporter.java:81)
	at org.jboss.arquillian.persistence.core.container.PersistenceConfigurationRemoteProducer.configure(PersistenceConfigurationRemoteProducer.java:44)
	at sun.reflect.NativeMethodAccessorImpl.invoke0(Native Method)
	at sun.reflect.NativeMethodAccessorImpl.invoke(NativeMethodAccessorImpl.java:57)
	at sun.reflect.DelegatingMethodAccessorImpl.invoke(DelegatingMethodAccessorImpl.java:43)
	at java.lang.reflect.Method.invoke(Method.java:606)
	at org.jboss.arquillian.core.impl.ObserverImpl.invoke(ObserverImpl.java:94)
	at org.jboss.arquillian.core.impl.EventContextImpl.invokeObservers(EventContextImpl.java:99)
	at org.jboss.arquillian.core.impl.EventContextImpl.proceed(EventContextImpl.java:81)
	at org.jboss.arquillian.core.impl.ManagerImpl.fire(ManagerImpl.java:135)
	at org.jboss.arquillian.core.impl.ManagerImpl.fire(ManagerImpl.java:115)
	at org.jboss.arquillian.core.impl.EventImpl.fire(EventImpl.java:67)
	at org.jboss.arquillian.persistence.core.lifecycle.PersistenceTestTrigger.beforeClass(PersistenceTestTrigger.java:91)
	at sun.reflect.NativeMethodAccessorImpl.invoke0(Native Method)
	at sun.reflect.NativeMethodAccessorImpl.invoke(NativeMethodAccessorImpl.java:57)
	at sun.reflect.DelegatingMethodAccessorImpl.invoke(DelegatingMethodAccessorImpl.java:43)
	at java.lang.reflect.Method.invoke(Method.java:606)
	at org.jboss.arquillian.core.impl.ObserverImpl.invoke(ObserverImpl.java:94)
	at org.jboss.arquillian.core.impl.EventContextImpl.invokeObservers(EventContextImpl.java:99)
	at org.jboss.arquillian.core.impl.EventContextImpl.proceed(EventContextImpl.java:81)
	at org.jboss.arquillian.test.impl.TestContextHandler.createSuiteContext(TestContextHandler.java:60)
	at sun.reflect.NativeMethodAccessorImpl.invoke0(Native Method)
	at sun.reflect.NativeMethodAccessorImpl.invoke(NativeMethodAccessorImpl.java:57)
	at sun.reflect.DelegatingMethodAccessorImpl.invoke(DelegatingMethodAccessorImpl.java:43)
	at java.lang.reflect.Method.invoke(Method.java:606)
	at org.jboss.arquillian.core.impl.ObserverImpl.invoke(ObserverImpl.java:94)
	at org.jboss.arquillian.core.impl.EventContextImpl.proceed(EventContextImpl.java:88)
	at org.jboss.arquillian.test.impl.TestContextHandler.createClassContext(TestContextHandler.java:75)
	at sun.reflect.NativeMethodAccessorImpl.invoke0(Native Method)
	at sun.reflect.NativeMethodAccessorImpl.invoke(NativeMethodAccessorImpl.java:57)
	at sun.reflect.DelegatingMethodAccessorImpl.invoke(DelegatingMethodAccessorImpl.java:43)
	at java.lang.reflect.Method.invoke(Method.java:606)
	at org.jboss.arquillian.core.impl.ObserverImpl.invoke(ObserverImpl.java:94)
	at org.jboss.arquillian.core.impl.EventContextImpl.proceed(EventContextImpl.java:88)
	at org.jboss.arquillian.core.impl.ManagerImpl.fire(ManagerImpl.java:135)
	at org.jboss.arquillian.core.impl.ManagerImpl.fire(ManagerImpl.java:115)
	at org.jboss.arquillian.test.impl.EventTestRunnerAdaptor.beforeClass(EventTestRunnerAdaptor.java:80)
	at org.jboss.arquillian.junit.Arquillian$2.evaluate(Arquillian.java:182)
	at org.jboss.arquillian.junit.Arquillian.multiExecute(Arquillian.java:314)
	at org.jboss.arquillian.junit.Arquillian.access$100(Arquillian.java:46)
	at org.jboss.arquillian.junit.Arquillian$3.evaluate(Arquillian.java:199)
	at org.junit.runners.ParentRunner.run(ParentRunner.java:236)
	at org.jboss.arquillian.junit.Arquillian.run(Arquillian.java:147)
	at org.junit.runner.JUnitCore.run(JUnitCore.java:157)
	at org.junit.runner.JUnitCore.run(JUnitCore.java:136)
	at org.jboss.arquillian.junit.container.JUnitTestRunner.execute(JUnitTestRunner.java:65)
	at org.jboss.arquillian.protocol.servlet.runner.ServletTestRunner.executeTest(ServletTestRunner.java:160)
	at org.jboss.arquillian.protocol.servlet.runner.ServletTestRunner.execute(ServletTestRunner.java:126)
	at org.jboss.arquillian.protocol.servlet.runner.ServletTestRunner.doGet(ServletTestRunner.java:90)
	at javax.servlet.http.HttpServlet.service(HttpServlet.java:734)
	at javax.servlet.http.HttpServlet.service(HttpServlet.java:847)
	at org.apache.catalina.core.StandardWrapper.service(StandardWrapper.java:1539)
	at org.apache.catalina.core.StandardWrapperValve.invoke(StandardWrapperValve.java:281)
	at org.apache.catalina.core.StandardContextValve.invoke(StandardContextValve.java:175)
	at org.apache.catalina.core.StandardPipeline.doInvoke(StandardPipeline.java:655)
	at org.apache.catalina.core.StandardPipeline.invoke(StandardPipeline.java:595)
	at com.sun.enterprise.web.WebPipeline.invoke(WebPipeline.java:98)
	at com.sun.enterprise.web.PESessionLockingStandardPipeline.invoke(PESessionLockingStandardPipeline.java:91)
	at org.apache.catalina.core.StandardHostValve.invoke(StandardHostValve.java:162)
	at org.apache.catalina.connector.CoyoteAdapter.doService(CoyoteAdapter.java:330)
	at org.apache.catalina.connector.CoyoteAdapter.service(CoyoteAdapter.java:231)
	at com.sun.enterprise.v3.services.impl.ContainerMapper.service(ContainerMapper.java:174)
	at com.sun.grizzly.http.ProcessorTask.invokeAdapter(ProcessorTask.java:828)
	at com.sun.grizzly.http.ProcessorTask.doProcess(ProcessorTask.java:725)
	at com.sun.grizzly.http.ProcessorTask.process(ProcessorTask.java:1019)
	at com.sun.grizzly.http.DefaultProtocolFilter.execute(DefaultProtocolFilter.java:225)
	at com.sun.grizzly.DefaultProtocolChain.executeProtocolFilter(DefaultProtocolChain.java:137)
	at com.sun.grizzly.DefaultProtocolChain.execute(DefaultProtocolChain.java:104)
	at com.sun.grizzly.DefaultProtocolChain.execute(DefaultProtocolChain.java:90)
	at com.sun.grizzly.http.HttpProtocolChain.execute(HttpProtocolChain.java:79)
	at com.sun.grizzly.ProtocolChainContextTask.doCall(ProtocolChainContextTask.java:54)
	at com.sun.grizzly.SelectionKeyContextTask.call(SelectionKeyContextTask.java:59)
	at com.sun.grizzly.ContextTask.run(ContextTask.java:71)
	at com.sun.grizzly.util.AbstractThreadPool$Worker.doWork(AbstractThreadPool.java:532)
	at com.sun.grizzly.util.AbstractThreadPool$Worker.run(AbstractThreadPool.java:513)
	at java.lang.Thread.run(Thread.java:744)
Caused by: java.lang.ClassNotFoundException: [Z@3524f5b7
	at java.lang.Class.forName0(Native Method)
	at java.lang.Class.forName(Class.java:190)
	at org.jboss.arquillian.persistence.core.configuration.ConfigurationTypeConverter.convert(ConfigurationTypeConverter.java:190)
	at org.jboss.arquillian.persistence.core.configuration.ConfigurationImporter.createConfiguration(ConfigurationImporter.java:134)
	at org.jboss.arquillian.persistence.core.configuration.ConfigurationImporter.loadFrom(ConfigurationImporter.java:87)
	at org.jboss.arquillian.persistence.core.configuration.ConfigurationImporter.loadFromPropertyFile(ConfigurationImporter.java:81)
	at org.jboss.arquillian.persistence.core.container.PersistenceConfigurationRemoteProducer.configure(PersistenceConfigurationRemoteProducer.java:44)
	at sun.reflect.NativeMethodAccessorImpl.invoke0(Native Method)
	at sun.reflect.NativeMethodAccessorImpl.invoke(NativeMethodAccessorImpl.java:57)
	at sun.reflect.DelegatingMethodAccessorImpl.invoke(DelegatingMethodAccessorImpl.java:43)
	at java.lang.reflect.Method.invoke(Method.java:606)
	at org.jboss.arquillian.core.impl.ObserverImpl.invoke(ObserverImpl.java:94)
	at org.jboss.arquillian.core.impl.EventContextImpl.invokeObservers(EventContextImpl.java:99)
	at org.jboss.arquillian.core.impl.EventContextImpl.proceed(EventContextImpl.java:81)
	at org.jboss.arquillian.core.impl.ManagerImpl.fire(ManagerImpl.java:135)
	at org.jboss.arquillian.core.impl.ManagerImpl.fire(ManagerImpl.java:115)
	at org.jboss.arquillian.core.impl.EventImpl.fire(EventImpl.java:67)
	at org.jboss.arquillian.persistence.core.lifecycle.PersistenceTestTrigger.beforeClass(PersistenceTestTrigger.java:91)
	at sun.reflect.NativeMethodAccessorImpl.invoke0(Native Method)
	at sun.reflect.NativeMethodAccessorImpl.invoke(NativeMethodAccessorImpl.java:57)
	at sun.reflect.DelegatingMethodAccessorImpl.invoke(DelegatingMethodAccessorImpl.java:43)
	at java.lang.reflect.Method.invoke(Method.java:606)
	at org.jboss.arquillian.core.impl.ObserverImpl.invoke(ObserverImpl.java:94)
	at org.jboss.arquillian.core.impl.EventContextImpl.invokeObservers(EventContextImpl.java:99)
	at org.jboss.arquillian.core.impl.EventContextImpl.proceed(EventContextImpl.java:81)
	at org.jboss.arquillian.test.impl.TestContextHandler.createSuiteContext(TestContextHandler.java:60)
	at sun.reflect.NativeMethodAccessorImpl.invoke0(Native Method)
	at sun.reflect.NativeMethodAccessorImpl.invoke(NativeMethodAccessorImpl.java:57)
	at sun.reflect.DelegatingMethodAccessorImpl.invoke(DelegatingMethodAccessorImpl.java:43)
	at java.lang.reflect.Method.invoke(Method.java:606)
	at org.jboss.arquillian.core.impl.ObserverImpl.invoke(ObserverImpl.java:94)
	at org.jboss.arquillian.core.impl.EventContextImpl.proceed(EventContextImpl.java:88)
	at org.jboss.arquillian.test.impl.TestContextHandler.createClassContext(TestContextHandler.java:75)
	at sun.reflect.NativeMethodAccessorImpl.invoke0(Native Method)
	at sun.reflect.NativeMethodAccessorImpl.invoke(NativeMethodAccessorImpl.java:57)
	at sun.reflect.DelegatingMethodAccessorImpl.invoke(DelegatingMethodAccessorImpl.java:43)
	at java.lang.reflect.Method.invoke(Method.java:606)
	at org.jboss.arquillian.core.impl.ObserverImpl.invoke(ObserverImpl.java:94)
	at org.jboss.arquillian.core.impl.EventContextImpl.proceed(EventContextImpl.java:88)
	at org.jboss.arquillian.core.impl.ManagerImpl.fire(ManagerImpl.java:135)
	at org.jboss.arquillian.core.impl.ManagerImpl.fire(ManagerImpl.java:115)
	at org.jboss.arquillian.test.impl.EventTestRunnerAdaptor.beforeClass(EventTestRunnerAdaptor.java:80)
	at org.jboss.arquillian.junit.Arquillian$2.evaluate(Arquillian.java:182)
	at org.jboss.arquillian.junit.Arquillian.multiExecute(Arquillian.java:314)
	at org.jboss.arquillian.junit.Arquillian.access$100(Arquillian.java:46)
	at org.jboss.arquillian.junit.Arquillian$3.evaluate(Arquillian.java:199)
	at org.junit.runners.ParentRunner.run(ParentRunner.java:236)
	at org.jboss.arquillian.junit.Arquillian.run(Arquillian.java:147)
	at org.junit.runner.JUnitCore.run(JUnitCore.java:157)
	at org.junit.runner.JUnitCore.run(JUnitCore.java:136)
	at org.jboss.arquillian.junit.container.JUnitTestRunner.execute(JUnitTestRunner.java:65)
	at org.jboss.arquillian.protocol.servlet.runner.ServletTestRunner.executeTest(ServletTestRunner.java:160)
	at org.jboss.arquillian.protocol.servlet.runner.ServletTestRunner.execute(ServletTestRunner.java:126)
	at org.jboss.arquillian.protocol.servlet.runner.ServletTestRunner.doGet(ServletTestRunner.java:90)
	at javax.servlet.http.HttpServlet.service(HttpServlet.java:734)
	at javax.servlet.http.HttpServlet.service(HttpServlet.java:847)
	at org.apache.catalina.core.StandardWrapper.service(StandardWrapper.java:1539)
	at org.apache.catalina.core.StandardWrapperValve.invoke(StandardWrapperValve.java:281)
	at org.apache.catalina.core.StandardContextValve.invoke(StandardContextValve.java:175)
	at org.apache.catalina.core.StandardPipeline.doInvoke(StandardPipeline.java:655)
	at org.apache.catalina.core.StandardPipeline.invoke(StandardPipeline.java:595)
	at com.sun.enterprise.web.WebPipeline.invoke(WebPipeline.java:98)
	at com.sun.enterprise.web.PESessionLockingStandardPipeline.invoke(PESessionLockingStandardPipeline.java:91)
	at org.apache.catalina.core.StandardHostValve.invoke(StandardHostValve.java:162)
	at org.apache.catalina.connector.CoyoteAdapter.doService(CoyoteAdapter.java:330)
	at org.apache.catalina.connector.CoyoteAdapter.service(CoyoteAdapter.java:231)
	at com.sun.enterprise.v3.services.impl.ContainerMapper.service(ContainerMapper.java:174)
	at com.sun.grizzly.http.ProcessorTask.invokeAdapter(ProcessorTask.java:828)
	at com.sun.grizzly.http.ProcessorTask.doProcess(ProcessorTask.java:725)
	at com.sun.grizzly.http.ProcessorTask.process(ProcessorTask.java:1019)
	at com.sun.grizzly.http.DefaultProtocolFilter.execute(DefaultProtocolFilter.java:225)
	at com.sun.grizzly.DefaultProtocolChain.executeProtocolFilter(DefaultProtocolChain.java:137)
	at com.sun.grizzly.DefaultProtocolChain.execute(DefaultProtocolChain.java:104)
	at com.sun.grizzly.DefaultProtocolChain.execute(DefaultProtocolChain.java:90)
	at com.sun.grizzly.http.HttpProtocolChain.execute(HttpProtocolChain.java:79)
	at com.sun.grizzly.ProtocolChainContextTask.doCall(ProtocolChainContextTask.java:54)
	at com.sun.grizzly.SelectionKeyContextTask.call(SelectionKeyContextTask.java:59)
	at com.sun.grizzly.ContextTask.run(ContextTask.java:71)
	at com.sun.grizzly.util.AbstractThreadPool$Worker.doWork(AbstractThreadPool.java:532)
	at com.sun.grizzly.util.AbstractThreadPool$Worker.run(AbstractThreadPool.java:513)
	at java.lang.Thread.run(Thread.java:744)

Running com.bergcomputers.bcibintegrationtest.persistence.AnotherAccountTest
PlainTextActionReporterSUCCESSDescription: deploy AdminCommandnull
    [name=test


PER01003: Deployment encountered SQL Exceptions:
	PER01000: Got SQLException executing statement "CREATE TABLE SEQUENCE (SEQ_NAME VARCHAR(50) NOT NULL, SEQ_COUNT DECIMAL(15), PRIMARY KEY (SEQ_NAME))": java.sql.SQLException: Table/View 'SEQUENCE' already exists in Schema 'APP'.PlainTextActionReporterSUCCESSNo monitoring data to report.
Tests run: 1, Failures: 0, Errors: 1, Skipped: 0, Time elapsed: 4.087 sec <<< FAILURE! - in com.bergcomputers.bcibintegrationtest.persistence.AnotherAccountTest
saveAccount(com.bergcomputers.bcibintegrationtest.persistence.AnotherAccountTest)  Time elapsed: 0.044 sec  <<< ERROR!
org.jboss.arquillian.persistence.core.exception.PersistenceExtensionInitializationException: Unable to create persistence configuration.
	at org.jboss.arquillian.persistence.core.configuration.ConfigurationImporter.createConfiguration(ConfigurationImporter.java:143)
	at org.jboss.arquillian.persistence.core.configuration.ConfigurationImporter.loadFrom(ConfigurationImporter.java:87)
	at org.jboss.arquillian.persistence.core.configuration.ConfigurationImporter.loadFromPropertyFile(ConfigurationImporter.java:81)
	at org.jboss.arquillian.persistence.core.container.PersistenceConfigurationRemoteProducer.configure(PersistenceConfigurationRemoteProducer.java:44)
	at sun.reflect.NativeMethodAccessorImpl.invoke0(Native Method)
	at sun.reflect.NativeMethodAccessorImpl.invoke(NativeMethodAccessorImpl.java:57)
	at sun.reflect.DelegatingMethodAccessorImpl.invoke(DelegatingMethodAccessorImpl.java:43)
	at java.lang.reflect.Method.invoke(Method.java:606)
	at org.jboss.arquillian.core.impl.ObserverImpl.invoke(ObserverImpl.java:94)
	at org.jboss.arquillian.core.impl.EventContextImpl.invokeObservers(EventContextImpl.java:99)
	at org.jboss.arquillian.core.impl.EventContextImpl.proceed(EventContextImpl.java:81)
	at org.jboss.arquillian.core.impl.ManagerImpl.fire(ManagerImpl.java:135)
	at org.jboss.arquillian.core.impl.ManagerImpl.fire(ManagerImpl.java:115)
	at org.jboss.arquillian.core.impl.EventImpl.fire(EventImpl.java:67)
	at org.jboss.arquillian.persistence.core.lifecycle.PersistenceTestTrigger.beforeClass(PersistenceTestTrigger.java:91)
	at sun.reflect.NativeMethodAccessorImpl.invoke0(Native Method)
	at sun.reflect.NativeMethodAccessorImpl.invoke(NativeMethodAccessorImpl.java:57)
	at sun.reflect.DelegatingMethodAccessorImpl.invoke(DelegatingMethodAccessorImpl.java:43)
	at java.lang.reflect.Method.invoke(Method.java:606)
	at org.jboss.arquillian.core.impl.ObserverImpl.invoke(ObserverImpl.java:94)
	at org.jboss.arquillian.core.impl.EventContextImpl.invokeObservers(EventContextImpl.java:99)
	at org.jboss.arquillian.core.impl.EventContextImpl.proceed(EventContextImpl.java:81)
	at org.jboss.arquillian.test.impl.TestContextHandler.createSuiteContext(TestContextHandler.java:60)
	at sun.reflect.GeneratedMethodAccessor52.invoke(Unknown Source)
	at sun.reflect.DelegatingMethodAccessorImpl.invoke(DelegatingMethodAccessorImpl.java:43)
	at java.lang.reflect.Method.invoke(Method.java:606)
	at org.jboss.arquillian.core.impl.ObserverImpl.invoke(ObserverImpl.java:94)
	at org.jboss.arquillian.core.impl.EventContextImpl.proceed(EventContextImpl.java:88)
	at org.jboss.arquillian.test.impl.TestContextHandler.createClassContext(TestContextHandler.java:75)
	at sun.reflect.GeneratedMethodAccessor57.invoke(Unknown Source)
	at sun.reflect.DelegatingMethodAccessorImpl.invoke(DelegatingMethodAccessorImpl.java:43)
	at java.lang.reflect.Method.invoke(Method.java:606)
	at org.jboss.arquillian.core.impl.ObserverImpl.invoke(ObserverImpl.java:94)
	at org.jboss.arquillian.core.impl.EventContextImpl.proceed(EventContextImpl.java:88)
	at org.jboss.arquillian.core.impl.ManagerImpl.fire(ManagerImpl.java:135)
	at org.jboss.arquillian.core.impl.ManagerImpl.fire(ManagerImpl.java:115)
	at org.jboss.arquillian.test.impl.EventTestRunnerAdaptor.beforeClass(EventTestRunnerAdaptor.java:80)
	at org.jboss.arquillian.junit.Arquillian$2.evaluate(Arquillian.java:182)
	at org.jboss.arquillian.junit.Arquillian.multiExecute(Arquillian.java:314)
	at org.jboss.arquillian.junit.Arquillian.access$100(Arquillian.java:46)
	at org.jboss.arquillian.junit.Arquillian$3.evaluate(Arquillian.java:199)
	at org.junit.runners.ParentRunner.run(ParentRunner.java:236)
	at org.jboss.arquillian.junit.Arquillian.run(Arquillian.java:147)
	at org.junit.runner.JUnitCore.run(JUnitCore.java:157)
	at org.junit.runner.JUnitCore.run(JUnitCore.java:136)
	at org.jboss.arquillian.junit.container.JUnitTestRunner.execute(JUnitTestRunner.java:65)
	at org.jboss.arquillian.protocol.servlet.runner.ServletTestRunner.executeTest(ServletTestRunner.java:160)
	at org.jboss.arquillian.protocol.servlet.runner.ServletTestRunner.execute(ServletTestRunner.java:126)
	at org.jboss.arquillian.protocol.servlet.runner.ServletTestRunner.doGet(ServletTestRunner.java:90)
	at javax.servlet.http.HttpServlet.service(HttpServlet.java:734)
	at javax.servlet.http.HttpServlet.service(HttpServlet.java:847)
	at org.apache.catalina.core.StandardWrapper.service(StandardWrapper.java:1539)
	at org.apache.catalina.core.StandardWrapperValve.invoke(StandardWrapperValve.java:281)
	at org.apache.catalina.core.StandardContextValve.invoke(StandardContextValve.java:175)
	at org.apache.catalina.core.StandardPipeline.doInvoke(StandardPipeline.java:655)
	at org.apache.catalina.core.StandardPipeline.invoke(StandardPipeline.java:595)
	at com.sun.enterprise.web.WebPipeline.invoke(WebPipeline.java:98)
	at com.sun.enterprise.web.PESessionLockingStandardPipeline.invoke(PESessionLockingStandardPipeline.java:91)
	at org.apache.catalina.core.StandardHostValve.invoke(StandardHostValve.java:162)
	at org.apache.catalina.connector.CoyoteAdapter.doService(CoyoteAdapter.java:330)
	at org.apache.catalina.connector.CoyoteAdapter.service(CoyoteAdapter.java:231)
	at com.sun.enterprise.v3.services.impl.ContainerMapper.service(ContainerMapper.java:174)
	at com.sun.grizzly.http.ProcessorTask.invokeAdapter(ProcessorTask.java:828)
	at com.sun.grizzly.http.ProcessorTask.doProcess(ProcessorTask.java:725)
	at com.sun.grizzly.http.ProcessorTask.process(ProcessorTask.java:1019)
	at com.sun.grizzly.http.DefaultProtocolFilter.execute(DefaultProtocolFilter.java:225)
	at com.sun.grizzly.DefaultProtocolChain.executeProtocolFilter(DefaultProtocolChain.java:137)
	at com.sun.grizzly.DefaultProtocolChain.execute(DefaultProtocolChain.java:104)
	at com.sun.grizzly.DefaultProtocolChain.execute(DefaultProtocolChain.java:90)
	at com.sun.grizzly.http.HttpProtocolChain.execute(HttpProtocolChain.java:79)
	at com.sun.grizzly.ProtocolChainContextTask.doCall(ProtocolChainContextTask.java:54)
	at com.sun.grizzly.SelectionKeyContextTask.call(SelectionKeyContextTask.java:59)
	at com.sun.grizzly.ContextTask.run(ContextTask.java:71)
	at com.sun.grizzly.util.AbstractThreadPool$Worker.doWork(AbstractThreadPool.java:532)
	at com.sun.grizzly.util.AbstractThreadPool$Worker.run(AbstractThreadPool.java:513)
	at java.lang.Thread.run(Thread.java:744)
Caused by: java.lang.IllegalArgumentException: Unable to convert value [[Z@3524f5b7] to a class [[Z].
	at org.jboss.arquillian.persistence.core.configuration.ConfigurationTypeConverter.convert(ConfigurationTypeConverter.java:195)
	at org.jboss.arquillian.persistence.core.configuration.ConfigurationImporter.createConfiguration(ConfigurationImporter.java:134)
	at org.jboss.arquillian.persistence.core.configuration.ConfigurationImporter.loadFrom(ConfigurationImporter.java:87)
	at org.jboss.arquillian.persistence.core.configuration.ConfigurationImporter.loadFromPropertyFile(ConfigurationImporter.java:81)
	at org.jboss.arquillian.persistence.core.container.PersistenceConfigurationRemoteProducer.configure(PersistenceConfigurationRemoteProducer.java:44)
	at sun.reflect.NativeMethodAccessorImpl.invoke0(Native Method)
	at sun.reflect.NativeMethodAccessorImpl.invoke(NativeMethodAccessorImpl.java:57)
	at sun.reflect.DelegatingMethodAccessorImpl.invoke(DelegatingMethodAccessorImpl.java:43)
	at java.lang.reflect.Method.invoke(Method.java:606)
	at org.jboss.arquillian.core.impl.ObserverImpl.invoke(ObserverImpl.java:94)
	at org.jboss.arquillian.core.impl.EventContextImpl.invokeObservers(EventContextImpl.java:99)
	at org.jboss.arquillian.core.impl.EventContextImpl.proceed(EventContextImpl.java:81)
	at org.jboss.arquillian.core.impl.ManagerImpl.fire(ManagerImpl.java:135)
	at org.jboss.arquillian.core.impl.ManagerImpl.fire(ManagerImpl.java:115)
	at org.jboss.arquillian.core.impl.EventImpl.fire(EventImpl.java:67)
	at org.jboss.arquillian.persistence.core.lifecycle.PersistenceTestTrigger.beforeClass(PersistenceTestTrigger.java:91)
	at sun.reflect.NativeMethodAccessorImpl.invoke0(Native Method)
	at sun.reflect.NativeMethodAccessorImpl.invoke(NativeMethodAccessorImpl.java:57)
	at sun.reflect.DelegatingMethodAccessorImpl.invoke(DelegatingMethodAccessorImpl.java:43)
	at java.lang.reflect.Method.invoke(Method.java:606)
	at org.jboss.arquillian.core.impl.ObserverImpl.invoke(ObserverImpl.java:94)
	at org.jboss.arquillian.core.impl.EventContextImpl.invokeObservers(EventContextImpl.java:99)
	at org.jboss.arquillian.core.impl.EventContextImpl.proceed(EventContextImpl.java:81)
	at org.jboss.arquillian.test.impl.TestContextHandler.createSuiteContext(TestContextHandler.java:60)
	at sun.reflect.GeneratedMethodAccessor52.invoke(Unknown Source)
	at sun.reflect.DelegatingMethodAccessorImpl.invoke(DelegatingMethodAccessorImpl.java:43)
	at java.lang.reflect.Method.invoke(Method.java:606)
	at org.jboss.arquillian.core.impl.ObserverImpl.invoke(ObserverImpl.java:94)
	at org.jboss.arquillian.core.impl.EventContextImpl.proceed(EventContextImpl.java:88)
	at org.jboss.arquillian.test.impl.TestContextHandler.createClassContext(TestContextHandler.java:75)
	at sun.reflect.GeneratedMethodAccessor57.invoke(Unknown Source)
	at sun.reflect.DelegatingMethodAccessorImpl.invoke(DelegatingMethodAccessorImpl.java:43)
	at java.lang.reflect.Method.invoke(Method.java:606)
	at org.jboss.arquillian.core.impl.ObserverImpl.invoke(ObserverImpl.java:94)
	at org.jboss.arquillian.core.impl.EventContextImpl.proceed(EventContextImpl.java:88)
	at org.jboss.arquillian.core.impl.ManagerImpl.fire(ManagerImpl.java:135)
	at org.jboss.arquillian.core.impl.ManagerImpl.fire(ManagerImpl.java:115)
	at org.jboss.arquillian.test.impl.EventTestRunnerAdaptor.beforeClass(EventTestRunnerAdaptor.java:80)
	at org.jboss.arquillian.junit.Arquillian$2.evaluate(Arquillian.java:182)
	at org.jboss.arquillian.junit.Arquillian.multiExecute(Arquillian.java:314)
	at org.jboss.arquillian.junit.Arquillian.access$100(Arquillian.java:46)
	at org.jboss.arquillian.junit.Arquillian$3.evaluate(Arquillian.java:199)
	at org.junit.runners.ParentRunner.run(ParentRunner.java:236)
	at org.jboss.arquillian.junit.Arquillian.run(Arquillian.java:147)
	at org.junit.runner.JUnitCore.run(JUnitCore.java:157)
	at org.junit.runner.JUnitCore.run(JUnitCore.java:136)
	at org.jboss.arquillian.junit.container.JUnitTestRunner.execute(JUnitTestRunner.java:65)
	at org.jboss.arquillian.protocol.servlet.runner.ServletTestRunner.executeTest(ServletTestRunner.java:160)
	at org.jboss.arquillian.protocol.servlet.runner.ServletTestRunner.execute(ServletTestRunner.java:126)
	at org.jboss.arquillian.protocol.servlet.runner.ServletTestRunner.doGet(ServletTestRunner.java:90)
	at javax.servlet.http.HttpServlet.service(HttpServlet.java:734)
	at javax.servlet.http.HttpServlet.service(HttpServlet.java:847)
	at org.apache.catalina.core.StandardWrapper.service(StandardWrapper.java:1539)
	at org.apache.catalina.core.StandardWrapperValve.invoke(StandardWrapperValve.java:281)
	at org.apache.catalina.core.StandardContextValve.invoke(StandardContextValve.java:175)
	at org.apache.catalina.core.StandardPipeline.doInvoke(StandardPipeline.java:655)
	at org.apache.catalina.core.StandardPipeline.invoke(StandardPipeline.java:595)
	at com.sun.enterprise.web.WebPipeline.invoke(WebPipeline.java:98)
	at com.sun.enterprise.web.PESessionLockingStandardPipeline.invoke(PESessionLockingStandardPipeline.java:91)
	at org.apache.catalina.core.StandardHostValve.invoke(StandardHostValve.java:162)
	at org.apache.catalina.connector.CoyoteAdapter.doService(CoyoteAdapter.java:330)
	at org.apache.catalina.connector.CoyoteAdapter.service(CoyoteAdapter.java:231)
	at com.sun.enterprise.v3.services.impl.ContainerMapper.service(ContainerMapper.java:174)
	at com.sun.grizzly.http.ProcessorTask.invokeAdapter(ProcessorTask.java:828)
	at com.sun.grizzly.http.ProcessorTask.doProcess(ProcessorTask.java:725)
	at com.sun.grizzly.http.ProcessorTask.process(ProcessorTask.java:1019)
	at com.sun.grizzly.http.DefaultProtocolFilter.execute(DefaultProtocolFilter.java:225)
	at com.sun.grizzly.DefaultProtocolChain.executeProtocolFilter(DefaultProtocolChain.java:137)
	at com.sun.grizzly.DefaultProtocolChain.execute(DefaultProtocolChain.java:104)
	at com.sun.grizzly.DefaultProtocolChain.execute(DefaultProtocolChain.java:90)
	at com.sun.grizzly.http.HttpProtocolChain.execute(HttpProtocolChain.java:79)
	at com.sun.grizzly.ProtocolChainContextTask.doCall(ProtocolChainContextTask.java:54)
	at com.sun.grizzly.SelectionKeyContextTask.call(SelectionKeyContextTask.java:59)
	at com.sun.grizzly.ContextTask.run(ContextTask.java:71)
	at com.sun.grizzly.util.AbstractThreadPool$Worker.doWork(AbstractThreadPool.java:532)
	at com.sun.grizzly.util.AbstractThreadPool$Worker.run(AbstractThreadPool.java:513)
	at java.lang.Thread.run(Thread.java:744)
Caused by: java.lang.ClassNotFoundException: [Z@3524f5b7
	at java.lang.Class.forName0(Native Method)
	at java.lang.Class.forName(Class.java:190)
	at org.jboss.arquillian.persistence.core.configuration.ConfigurationTypeConverter.convert(ConfigurationTypeConverter.java:190)
	at org.jboss.arquillian.persistence.core.configuration.ConfigurationImporter.createConfiguration(ConfigurationImporter.java:134)
	at org.jboss.arquillian.persistence.core.configuration.ConfigurationImporter.loadFrom(ConfigurationImporter.java:87)
	at org.jboss.arquillian.persistence.core.configuration.ConfigurationImporter.loadFromPropertyFile(ConfigurationImporter.java:81)
	at org.jboss.arquillian.persistence.core.container.PersistenceConfigurationRemoteProducer.configure(PersistenceConfigurationRemoteProducer.java:44)
	at sun.reflect.NativeMethodAccessorImpl.invoke0(Native Method)
	at sun.reflect.NativeMethodAccessorImpl.invoke(NativeMethodAccessorImpl.java:57)
	at sun.reflect.DelegatingMethodAccessorImpl.invoke(DelegatingMethodAccessorImpl.java:43)
	at java.lang.reflect.Method.invoke(Method.java:606)
	at org.jboss.arquillian.core.impl.ObserverImpl.invoke(ObserverImpl.java:94)
	at org.jboss.arquillian.core.impl.EventContextImpl.invokeObservers(EventContextImpl.java:99)
	at org.jboss.arquillian.core.impl.EventContextImpl.proceed(EventContextImpl.java:81)
	at org.jboss.arquillian.core.impl.ManagerImpl.fire(ManagerImpl.java:135)
	at org.jboss.arquillian.core.impl.ManagerImpl.fire(ManagerImpl.java:115)
	at org.jboss.arquillian.core.impl.EventImpl.fire(EventImpl.java:67)
	at org.jboss.arquillian.persistence.core.lifecycle.PersistenceTestTrigger.beforeClass(PersistenceTestTrigger.java:91)
	at sun.reflect.NativeMethodAccessorImpl.invoke0(Native Method)
	at sun.reflect.NativeMethodAccessorImpl.invoke(NativeMethodAccessorImpl.java:57)
	at sun.reflect.DelegatingMethodAccessorImpl.invoke(DelegatingMethodAccessorImpl.java:43)
	at java.lang.reflect.Method.invoke(Method.java:606)
	at org.jboss.arquillian.core.impl.ObserverImpl.invoke(ObserverImpl.java:94)
	at org.jboss.arquillian.core.impl.EventContextImpl.invokeObservers(EventContextImpl.java:99)
	at org.jboss.arquillian.core.impl.EventContextImpl.proceed(EventContextImpl.java:81)
	at org.jboss.arquillian.test.impl.TestContextHandler.createSuiteContext(TestContextHandler.java:60)
	at sun.reflect.GeneratedMethodAccessor52.invoke(Unknown Source)
	at sun.reflect.DelegatingMethodAccessorImpl.invoke(DelegatingMethodAccessorImpl.java:43)
	at java.lang.reflect.Method.invoke(Method.java:606)
	at org.jboss.arquillian.core.impl.ObserverImpl.invoke(ObserverImpl.java:94)
	at org.jboss.arquillian.core.impl.EventContextImpl.proceed(EventContextImpl.java:88)
	at org.jboss.arquillian.test.impl.TestContextHandler.createClassContext(TestContextHandler.java:75)
	at sun.reflect.GeneratedMethodAccessor57.invoke(Unknown Source)
	at sun.reflect.DelegatingMethodAccessorImpl.invoke(DelegatingMethodAccessorImpl.java:43)
	at java.lang.reflect.Method.invoke(Method.java:606)
	at org.jboss.arquillian.core.impl.ObserverImpl.invoke(ObserverImpl.java:94)
	at org.jboss.arquillian.core.impl.EventContextImpl.proceed(EventContextImpl.java:88)
	at org.jboss.arquillian.core.impl.ManagerImpl.fire(ManagerImpl.java:135)
	at org.jboss.arquillian.core.impl.ManagerImpl.fire(ManagerImpl.java:115)
	at org.jboss.arquillian.test.impl.EventTestRunnerAdaptor.beforeClass(EventTestRunnerAdaptor.java:80)
	at org.jboss.arquillian.junit.Arquillian$2.evaluate(Arquillian.java:182)
	at org.jboss.arquillian.junit.Arquillian.multiExecute(Arquillian.java:314)
	at org.jboss.arquillian.junit.Arquillian.access$100(Arquillian.java:46)
	at org.jboss.arquillian.junit.Arquillian$3.evaluate(Arquillian.java:199)
	at org.junit.runners.ParentRunner.run(ParentRunner.java:236)
	at org.jboss.arquillian.junit.Arquillian.run(Arquillian.java:147)
	at org.junit.runner.JUnitCore.run(JUnitCore.java:157)
	at org.junit.runner.JUnitCore.run(JUnitCore.java:136)
	at org.jboss.arquillian.junit.container.JUnitTestRunner.execute(JUnitTestRunner.java:65)
	at org.jboss.arquillian.protocol.servlet.runner.ServletTestRunner.executeTest(ServletTestRunner.java:160)
	at org.jboss.arquillian.protocol.servlet.runner.ServletTestRunner.execute(ServletTestRunner.java:126)
	at org.jboss.arquillian.protocol.servlet.runner.ServletTestRunner.doGet(ServletTestRunner.java:90)
	at javax.servlet.http.HttpServlet.service(HttpServlet.java:734)
	at javax.servlet.http.HttpServlet.service(HttpServlet.java:847)
	at org.apache.catalina.core.StandardWrapper.service(StandardWrapper.java:1539)
	at org.apache.catalina.core.StandardWrapperValve.invoke(StandardWrapperValve.java:281)
	at org.apache.catalina.core.StandardContextValve.invoke(StandardContextValve.java:175)
	at org.apache.catalina.core.StandardPipeline.doInvoke(StandardPipeline.java:655)
	at org.apache.catalina.core.StandardPipeline.invoke(StandardPipeline.java:595)
	at com.sun.enterprise.web.WebPipeline.invoke(WebPipeline.java:98)
	at com.sun.enterprise.web.PESessionLockingStandardPipeline.invoke(PESessionLockingStandardPipeline.java:91)
	at org.apache.catalina.core.StandardHostValve.invoke(StandardHostValve.java:162)
	at org.apache.catalina.connector.CoyoteAdapter.doService(CoyoteAdapter.java:330)
	at org.apache.catalina.connector.CoyoteAdapter.service(CoyoteAdapter.java:231)
	at com.sun.enterprise.v3.services.impl.ContainerMapper.service(ContainerMapper.java:174)
	at com.sun.grizzly.http.ProcessorTask.invokeAdapter(ProcessorTask.java:828)
	at com.sun.grizzly.http.ProcessorTask.doProcess(ProcessorTask.java:725)
	at com.sun.grizzly.http.ProcessorTask.process(ProcessorTask.java:1019)
	at com.sun.grizzly.http.DefaultProtocolFilter.execute(DefaultProtocolFilter.java:225)
	at com.sun.grizzly.DefaultProtocolChain.executeProtocolFilter(DefaultProtocolChain.java:137)
	at com.sun.grizzly.DefaultProtocolChain.execute(DefaultProtocolChain.java:104)
	at com.sun.grizzly.DefaultProtocolChain.execute(DefaultProtocolChain.java:90)
	at com.sun.grizzly.http.HttpProtocolChain.execute(HttpProtocolChain.java:79)
	at com.sun.grizzly.ProtocolChainContextTask.doCall(ProtocolChainContextTask.java:54)
	at com.sun.grizzly.SelectionKeyContextTask.call(SelectionKeyContextTask.java:59)
	at com.sun.grizzly.ContextTask.run(ContextTask.java:71)
	at com.sun.grizzly.util.AbstractThreadPool$Worker.doWork(AbstractThreadPool.java:532)
	at com.sun.grizzly.util.AbstractThreadPool$Worker.run(AbstractThreadPool.java:513)
	at java.lang.Thread.run(Thread.java:744)

Running com.bergcomputers.bcibintegrationtest.rest.AccountsWSTest
PlainTextActionReporterSUCCESSDescription: deploy AdminCommandnull
    [name=test


PER01003: Deployment encountered SQL Exceptions:
	PER01000: Got SQLException executing statement "CREATE TABLE SEQUENCE (SEQ_NAME VARCHAR(50) NOT NULL, SEQ_COUNT DECIMAL(15), PRIMARY KEY (SEQ_NAME))": java.sql.SQLException: Table/View 'SEQUENCE' already exists in Schema 'APP'.Getting list of accounts:
List of accounts found:
[]
-----
Creating test account:
-----
Getting list of accounts:
List of accounts found:
["http:\/\/localhost:8181\/test\/rest\/accounts\/1"]
-----
Deleting test account:
-----
Creating test account:
-----
Getting list of accounts:
List of accounts found:
["http:\/\/localhost:8181\/test\/rest\/accounts\/2"]
-----
Deleting test account:
-----
Getting list of accounts:
List of accounts found:
[]
-----
Getting list of accounts:
List of accounts found:
[]
-----
Creating test account:
---created --{"id":3,"iban":"ro03bc1234","amount":2000,"creationDate":1395741318318}
Getting list of accounts:
List of accounts found:
["http:\/\/localhost:8181\/test\/rest\/accounts\/3"]
-----
Updating test account:
-----Updated {"id":3,"iban":"ro04bc1234","amount":2100,"createDate":"Tue Mar 25 11:55:18 EET 2014"}
Getting list of accounts:
List of accounts found:
["http:\/\/localhost:8181\/test\/rest\/accounts\/3"]
-----
Deleting test account:
-----
Getting list of accounts:
List of accounts found:
[]
-----
Getting list of accounts:
List of accounts found:
[]
-----
Creating test account:
---created --Account [id=4, iban=ro03bc1234, amount=2000.0, version=null, creationDate=Wed Oct 04 00:00:00 EET 123050272]
Getting list of accounts:
List of accounts found:
["http:\/\/localhost:8181\/test\/rest\/accounts\/4"]
-----
Deleting test account:
-----
PlainTextActionReporterSUCCESSNo monitoring data to report.
Tests run: 5, Failures: 0, Errors: 0, Skipped: 0, Time elapsed: 5.732 sec - in com.bergcomputers.bcibintegrationtest.rest.AccountsWSTest

Results :

Tests in error: 
  AccountEjbTest.shouldFindAllGamesUsingJpqlQuery  PersistenceExtensionInitialization
  AccountTest.shouldFindAllGamesUsingJpqlQuery  PersistenceExtensionInitialization
  AnotherAccountTest.saveAccount  PersistenceExtensionInitialization Unable to ...

Tests run: 8, Failures: 0, Errors: 3, Skipped: 0

[WARNING] File encoding has not been set, using platform encoding Cp1252, i.e. build is platform dependent!
[INFO] 
[INFO] --- jacoco-maven-plugin:0.7.1-SNAPSHOT:report (post-integration-test) @ com.bergcomputers.bcibintegrationtest ---
[INFO] Analyzed bundle 'bcibintegrationtest' with 0 classes
[INFO] 
[INFO] --- maven-failsafe-plugin:2.16:verify (integration-test) @ com.bergcomputers.bcibintegrationtest ---
[INFO] Failsafe report directory: c:\projects\bcIMB\projectsrc\com.bergcomputers.bcibintegrationtest\target\failsafe-reports
[WARNING] File encoding has not been set, using platform encoding Cp1252, i.e. build is platform dependent!
[ERROR] There are test failures.

Please refer to c:\projects\bcIMB\projectsrc\com.bergcomputers.bcibintegrationtest\target\failsafe-reports for the individual test results.
[INFO] 
[INFO] --- maven-install-plugin:2.4:install (default-install) @ com.bergcomputers.bcibintegrationtest ---
[INFO] Installing c:\projects\bcIMB\projectsrc\com.bergcomputers.bcibintegrationtest\target\com.bergcomputers.bcibintegrationtest-0.0.1-SNAPSHOT.jar to C:\Users\Ionutb\.m2\repository\com\bergcomputers\com.bergcomputers.bcibintegrationtest\0.0.1-SNAPSHOT\com.bergcomputers.bcibintegrationtest-0.0.1-SNAPSHOT.jar
[INFO] Installing c:\projects\bcIMB\projectsrc\com.bergcomputers.bcibintegrationtest\pom.xml to C:\Users\Ionutb\.m2\repository\com\bergcomputers\com.bergcomputers.bcibintegrationtest\0.0.1-SNAPSHOT\com.bergcomputers.bcibintegrationtest-0.0.1-SNAPSHOT.pom
[INFO] ------------------------------------------------------------------------
[INFO] BUILD SUCCESS
[INFO] ------------------------------------------------------------------------
[INFO] Total time: 35.835s
[INFO] Finished at: Tue Mar 25 11:55:20 EET 2014
[INFO] Final Memory: 26M/258M
[INFO] ------------------------------------------------------------------------
